<?xml version="1.0" encoding="UTF-8"?>
<testsuite name="de.codesourcery.booleanalgebra.ExpressionContextTest" tests="1" skipped="0" failures="0" errors="0" timestamp="2017-10-07T00:34:20" hostname="LAPTOP-EEI59A8L" time="0.008">
  <properties/>
  <testcase name="setNullTest" classname="de.codesourcery.booleanalgebra.ExpressionContextTest" time="0.008"/>
  <system-out><![CDATA[]]></system-out>
  <system-err><![CDATA[]]></system-err>
</testsuite>
